<?xml version="1.0" encoding="UTF-8"?>
<!-- Generated by org.testng.reporters.JUnitReportReporter -->
<testsuite hostname="Sailesh-R" failures="0" tests="1" name="sample.Tests.RunnerTestNG" time="14.628" errors="0" timestamp="2023-05-15T00:56:54 IST" skipped="0">
  <testcase classname="sample.Tests.RunnerTestNG" name="validateTests" time="14.628"/>
  <system-out/>
</testsuite> <!-- sample.Tests.RunnerTestNG -->
