<?xml version="1.0" encoding="UTF-8"?>
<!-- Generated by org.testng.reporters.JUnitReportReporter -->
<testsuite hostname="Sailesh-R" failures="0" tests="1" name="sample.TestComponents.BaseTest" time="8.285" errors="0" timestamp="2023-05-09T15:58:35 IST" skipped="0">
  <testcase classname="sample.TestComponents.BaseTest" name="demoRun" time="8.285"/>
  <system-out/>
</testsuite> <!-- sample.TestComponents.BaseTest -->
